==================================================================================================================================
Layer (type:depth-idx)                                  Input Shape               Output Shape              Param #
==================================================================================================================================
SimVP_Model_no_skip_sst                                 [2, 10, 2, 128, 128]      [2, 10, 1, 128, 128]      --
├─Encoder_no_skip: 1-1                                  [20, 1, 128, 128]         [20, 16, 32, 32]          --
│    └─enc.0.conv.conv.weight                                                                               ├─144
│    └─enc.0.conv.conv.bias                                                                                 ├─16
│    └─enc.0.conv.norm.weight                                                                               ├─16
│    └─enc.0.conv.norm.bias                                                                                 ├─16
│    └─enc.1.conv.conv.weight                                                                               ├─2,304
│    └─enc.1.conv.conv.bias                                                                                 ├─16
│    └─enc.1.conv.norm.weight                                                                               ├─16
│    └─enc.1.conv.norm.bias                                                                                 ├─16
│    └─enc.2.conv.conv.weight                                                                               ├─2,304
│    └─enc.2.conv.conv.bias                                                                                 ├─16
│    └─enc.2.conv.norm.weight                                                                               ├─16
│    └─enc.2.conv.norm.bias                                                                                 ├─16
│    └─enc.3.conv.conv.weight                                                                               ├─2,304
│    └─enc.3.conv.conv.bias                                                                                 ├─16
│    └─enc.3.conv.norm.weight                                                                               ├─16
│    └─enc.3.conv.norm.bias                                                                                 └─16
│    └─Sequential: 2-1                                  --                        --                        --
│    │    └─0.conv.conv.weight                                                                              ├─144
│    │    └─0.conv.conv.bias                                                                                ├─16
│    │    └─0.conv.norm.weight                                                                              ├─16
│    │    └─0.conv.norm.bias                                                                                ├─16
│    │    └─1.conv.conv.weight                                                                              ├─2,304
│    │    └─1.conv.conv.bias                                                                                ├─16
│    │    └─1.conv.norm.weight                                                                              ├─16
│    │    └─1.conv.norm.bias                                                                                ├─16
│    │    └─2.conv.conv.weight                                                                              ├─2,304
│    │    └─2.conv.conv.bias                                                                                ├─16
│    │    └─2.conv.norm.weight                                                                              ├─16
│    │    └─2.conv.norm.bias                                                                                ├─16
│    │    └─3.conv.conv.weight                                                                              ├─2,304
│    │    └─3.conv.conv.bias                                                                                ├─16
│    │    └─3.conv.norm.weight                                                                              ├─16
│    │    └─3.conv.norm.bias                                                                                └─16
│    │    └─ConvSC: 3-1                                 [20, 1, 128, 128]         [20, 16, 128, 128]        192
│    │    │    └─conv.conv.weight                                                                           ├─144
│    │    │    └─conv.conv.bias                                                                             ├─16
│    │    │    └─conv.norm.weight                                                                           ├─16
│    │    │    └─conv.norm.bias                                                                             └─16
│    │    └─ConvSC: 3-2                                 [20, 16, 128, 128]        [20, 16, 64, 64]          2,352
│    │    │    └─conv.conv.weight                                                                           ├─2,304
│    │    │    └─conv.conv.bias                                                                             ├─16
│    │    │    └─conv.norm.weight                                                                           ├─16
│    │    │    └─conv.norm.bias                                                                             └─16
│    │    └─ConvSC: 3-3                                 [20, 16, 64, 64]          [20, 16, 64, 64]          2,352
│    │    │    └─conv.conv.weight                                                                           ├─2,304
│    │    │    └─conv.conv.bias                                                                             ├─16
│    │    │    └─conv.norm.weight                                                                           ├─16
│    │    │    └─conv.norm.bias                                                                             └─16
│    │    └─ConvSC: 3-4                                 [20, 16, 64, 64]          [20, 16, 32, 32]          2,352
│    │    │    └─conv.conv.weight                                                                           ├─2,304
│    │    │    └─conv.conv.bias                                                                             ├─16
│    │    │    └─conv.norm.weight                                                                           ├─16
│    │    │    └─conv.norm.bias                                                                             └─16
├─Encoder_no_skip: 1-2                                  [20, 1, 128, 128]         [20, 16, 32, 32]          --
│    └─enc.0.conv.conv.weight                                                                               ├─144
│    └─enc.0.conv.conv.bias                                                                                 ├─16
│    └─enc.0.conv.norm.weight                                                                               ├─16
│    └─enc.0.conv.norm.bias                                                                                 ├─16
│    └─enc.1.conv.conv.weight                                                                               ├─2,304
│    └─enc.1.conv.conv.bias                                                                                 ├─16
│    └─enc.1.conv.norm.weight                                                                               ├─16
│    └─enc.1.conv.norm.bias                                                                                 ├─16
│    └─enc.2.conv.conv.weight                                                                               ├─2,304
│    └─enc.2.conv.conv.bias                                                                                 ├─16
│    └─enc.2.conv.norm.weight                                                                               ├─16
│    └─enc.2.conv.norm.bias                                                                                 ├─16
│    └─enc.3.conv.conv.weight                                                                               ├─2,304
│    └─enc.3.conv.conv.bias                                                                                 ├─16
│    └─enc.3.conv.norm.weight                                                                               ├─16
│    └─enc.3.conv.norm.bias                                                                                 └─16
│    └─Sequential: 2-2                                  --                        --                        --
│    │    └─0.conv.conv.weight                                                                              ├─144
│    │    └─0.conv.conv.bias                                                                                ├─16
│    │    └─0.conv.norm.weight                                                                              ├─16
│    │    └─0.conv.norm.bias                                                                                ├─16
│    │    └─1.conv.conv.weight                                                                              ├─2,304
│    │    └─1.conv.conv.bias                                                                                ├─16
│    │    └─1.conv.norm.weight                                                                              ├─16
│    │    └─1.conv.norm.bias                                                                                ├─16
│    │    └─2.conv.conv.weight                                                                              ├─2,304
│    │    └─2.conv.conv.bias                                                                                ├─16
│    │    └─2.conv.norm.weight                                                                              ├─16
│    │    └─2.conv.norm.bias                                                                                ├─16
│    │    └─3.conv.conv.weight                                                                              ├─2,304
│    │    └─3.conv.conv.bias                                                                                ├─16
│    │    └─3.conv.norm.weight                                                                              ├─16
│    │    └─3.conv.norm.bias                                                                                └─16
│    │    └─ConvSC: 3-5                                 [20, 1, 128, 128]         [20, 16, 128, 128]        192
│    │    │    └─conv.conv.weight                                                                           ├─144
│    │    │    └─conv.conv.bias                                                                             ├─16
│    │    │    └─conv.norm.weight                                                                           ├─16
│    │    │    └─conv.norm.bias                                                                             └─16
│    │    └─ConvSC: 3-6                                 [20, 16, 128, 128]        [20, 16, 64, 64]          2,352
│    │    │    └─conv.conv.weight                                                                           ├─2,304
│    │    │    └─conv.conv.bias                                                                             ├─16
│    │    │    └─conv.norm.weight                                                                           ├─16
│    │    │    └─conv.norm.bias                                                                             └─16
│    │    └─ConvSC: 3-7                                 [20, 16, 64, 64]          [20, 16, 64, 64]          2,352
│    │    │    └─conv.conv.weight                                                                           ├─2,304
│    │    │    └─conv.conv.bias                                                                             ├─16
│    │    │    └─conv.norm.weight                                                                           ├─16
│    │    │    └─conv.norm.bias                                                                             └─16
│    │    └─ConvSC: 3-8                                 [20, 16, 64, 64]          [20, 16, 32, 32]          2,352
│    │    │    └─conv.conv.weight                                                                           ├─2,304
│    │    │    └─conv.conv.bias                                                                             ├─16
│    │    │    └─conv.norm.weight                                                                           ├─16
│    │    │    └─conv.norm.bias                                                                             └─16
├─MidMetaNet: 1-3                                       [2, 10, 32, 32, 32]       [2, 10, 32, 32, 32]       --
│    └─enc.0.block.layer_scale_1                                                                            ├─320
│    └─enc.0.block.layer_scale_2                                                                            ├─320
│    └─enc.0.block.norm1.weight                                                                             ├─320
│    └─enc.0.block.norm1.bias                                                                               ├─320
│    └─enc.0.block.attn.proj_1.weight                                                                       ├─102,400
│    └─enc.0.block.attn.proj_1.bias                                                                         ├─320
│    └─enc.0.block.attn.spatial_gating_unit.conv0.weight                                                     ├─8,000
│    └─enc.0.block.attn.spatial_gating_unit.conv0.bias                                                      ├─320
│    └─enc.0.block.attn.spatial_gating_unit.conv_spatial.weight                                                     ├─15,680
│    └─enc.0.block.attn.spatial_gating_unit.conv_spatial.bias                                                     ├─320
│    └─enc.0.block.attn.spatial_gating_unit.conv1.weight                                                     ├─204,800
│    └─enc.0.block.attn.spatial_gating_unit.conv1.bias                                                      ├─640
│    └─enc.0.block.attn.proj_2.weight                                                                       ├─102,400
│    └─enc.0.block.attn.proj_2.bias                                                                         ├─320
│    └─enc.0.block.norm2.weight                                                                             ├─320
│    └─enc.0.block.norm2.bias                                                                               ├─320
│    └─enc.0.block.mlp.fc1.weight                                                                           ├─819,200
│    └─enc.0.block.mlp.fc1.bias                                                                             ├─2,560
│    └─enc.0.block.mlp.dwconv.dwconv.weight                                                                 ├─23,040
│    └─enc.0.block.mlp.dwconv.dwconv.bias                                                                   ├─2,560
│    └─enc.0.block.mlp.fc2.weight                                                                           ├─819,200
│    └─enc.0.block.mlp.fc2.bias                                                                             ├─320
│    └─enc.0.reduction.weight                                                                               ├─81,920
│    └─enc.0.reduction.bias                                                                                 ├─256
│    └─enc.1.block.layer_scale_1                                                                            ├─256
│    └─enc.1.block.layer_scale_2                                                                            ├─256
│    └─enc.1.block.norm1.weight                                                                             ├─256
│    └─enc.1.block.norm1.bias                                                                               ├─256
│    └─enc.1.block.attn.proj_1.weight                                                                       ├─65,536
│    └─enc.1.block.attn.proj_1.bias                                                                         ├─256
│    └─enc.1.block.attn.spatial_gating_unit.conv0.weight                                                     ├─6,400
│    └─enc.1.block.attn.spatial_gating_unit.conv0.bias                                                      ├─256
│    └─enc.1.block.attn.spatial_gating_unit.conv_spatial.weight                                                     ├─12,544
│    └─enc.1.block.attn.spatial_gating_unit.conv_spatial.bias                                                     ├─256
│    └─enc.1.block.attn.spatial_gating_unit.conv1.weight                                                     ├─131,072
│    └─enc.1.block.attn.spatial_gating_unit.conv1.bias                                                      ├─512
│    └─enc.1.block.attn.proj_2.weight                                                                       ├─65,536
│    └─enc.1.block.attn.proj_2.bias                                                                         ├─256
│    └─enc.1.block.norm2.weight                                                                             ├─256
│    └─enc.1.block.norm2.bias                                                                               ├─256
│    └─enc.1.block.mlp.fc1.weight                                                                           ├─524,288
│    └─enc.1.block.mlp.fc1.bias                                                                             ├─2,048
│    └─enc.1.block.mlp.dwconv.dwconv.weight                                                                 ├─18,432
│    └─enc.1.block.mlp.dwconv.dwconv.bias                                                                   ├─2,048
│    └─enc.1.block.mlp.fc2.weight                                                                           ├─524,288
│    └─enc.1.block.mlp.fc2.bias                                                                             ├─256
│    └─enc.2.block.layer_scale_1                                                                            ├─256
│    └─enc.2.block.layer_scale_2                                                                            ├─256
│    └─enc.2.block.norm1.weight                                                                             ├─256
│    └─enc.2.block.norm1.bias                                                                               ├─256
│    └─enc.2.block.attn.proj_1.weight                                                                       ├─65,536
│    └─enc.2.block.attn.proj_1.bias                                                                         ├─256
│    └─enc.2.block.attn.spatial_gating_unit.conv0.weight                                                     ├─6,400
│    └─enc.2.block.attn.spatial_gating_unit.conv0.bias                                                      ├─256
│    └─enc.2.block.attn.spatial_gating_unit.conv_spatial.weight                                                     ├─12,544
│    └─enc.2.block.attn.spatial_gating_unit.conv_spatial.bias                                                     ├─256
│    └─enc.2.block.attn.spatial_gating_unit.conv1.weight                                                     ├─131,072
│    └─enc.2.block.attn.spatial_gating_unit.conv1.bias                                                      ├─512
│    └─enc.2.block.attn.proj_2.weight                                                                       ├─65,536
│    └─enc.2.block.attn.proj_2.bias                                                                         ├─256
│    └─enc.2.block.norm2.weight                                                                             ├─256
│    └─enc.2.block.norm2.bias                                                                               ├─256
│    └─enc.2.block.mlp.fc1.weight                                                                           ├─524,288
│    └─enc.2.block.mlp.fc1.bias                                                                             ├─2,048
│    └─enc.2.block.mlp.dwconv.dwconv.weight                                                                 ├─18,432
│    └─enc.2.block.mlp.dwconv.dwconv.bias                                                                   ├─2,048
│    └─enc.2.block.mlp.fc2.weight                                                                           ├─524,288
│    └─enc.2.block.mlp.fc2.bias                                                                             ├─256
│    └─enc.3.block.layer_scale_1                                                                            ├─256
│    └─enc.3.block.layer_scale_2                                                                            ├─256
│    └─enc.3.block.norm1.weight                                                                             ├─256
│    └─enc.3.block.norm1.bias                                                                               ├─256
│    └─enc.3.block.attn.proj_1.weight                                                                       ├─65,536
│    └─enc.3.block.attn.proj_1.bias                                                                         ├─256
│    └─enc.3.block.attn.spatial_gating_unit.conv0.weight                                                     ├─6,400
│    └─enc.3.block.attn.spatial_gating_unit.conv0.bias                                                      ├─256
│    └─enc.3.block.attn.spatial_gating_unit.conv_spatial.weight                                                     ├─12,544
│    └─enc.3.block.attn.spatial_gating_unit.conv_spatial.bias                                                     ├─256
│    └─enc.3.block.attn.spatial_gating_unit.conv1.weight                                                     ├─131,072
│    └─enc.3.block.attn.spatial_gating_unit.conv1.bias                                                      ├─512
│    └─enc.3.block.attn.proj_2.weight                                                                       ├─65,536
│    └─enc.3.block.attn.proj_2.bias                                                                         ├─256
│    └─enc.3.block.norm2.weight                                                                             ├─256
│    └─enc.3.block.norm2.bias                                                                               ├─256
│    └─enc.3.block.mlp.fc1.weight                                                                           ├─524,288
│    └─enc.3.block.mlp.fc1.bias                                                                             ├─2,048
│    └─enc.3.block.mlp.dwconv.dwconv.weight                                                                 ├─18,432
│    └─enc.3.block.mlp.dwconv.dwconv.bias                                                                   ├─2,048
│    └─enc.3.block.mlp.fc2.weight                                                                           ├─524,288
│    └─enc.3.block.mlp.fc2.bias                                                                             ├─256
│    └─enc.3.reduction.weight                                                                               ├─81,920
│    └─enc.3.reduction.bias                                                                                 └─320
│    └─Sequential: 2-3                                  --                        --                        --
│    │    └─0.block.layer_scale_1                                                                           ├─320
│    │    └─0.block.layer_scale_2                                                                           ├─320
│    │    └─0.block.norm1.weight                                                                            ├─320
│    │    └─0.block.norm1.bias                                                                              ├─320
│    │    └─0.block.attn.proj_1.weight                                                                      ├─102,400
│    │    └─0.block.attn.proj_1.bias                                                                        ├─320
│    │    └─0.block.attn.spatial_gating_unit.conv0.weight                                                     ├─8,000
│    │    └─0.block.attn.spatial_gating_unit.conv0.bias                                                     ├─320
│    │    └─0.block.attn.spatial_gating_unit.conv_spatial.weight                                                     ├─15,680
│    │    └─0.block.attn.spatial_gating_unit.conv_spatial.bias                                                     ├─320
│    │    └─0.block.attn.spatial_gating_unit.conv1.weight                                                     ├─204,800
│    │    └─0.block.attn.spatial_gating_unit.conv1.bias                                                     ├─640
│    │    └─0.block.attn.proj_2.weight                                                                      ├─102,400
│    │    └─0.block.attn.proj_2.bias                                                                        ├─320
│    │    └─0.block.norm2.weight                                                                            ├─320
│    │    └─0.block.norm2.bias                                                                              ├─320
│    │    └─0.block.mlp.fc1.weight                                                                          ├─819,200
│    │    └─0.block.mlp.fc1.bias                                                                            ├─2,560
│    │    └─0.block.mlp.dwconv.dwconv.weight                                                                ├─23,040
│    │    └─0.block.mlp.dwconv.dwconv.bias                                                                  ├─2,560
│    │    └─0.block.mlp.fc2.weight                                                                          ├─819,200
│    │    └─0.block.mlp.fc2.bias                                                                            ├─320
│    │    └─0.reduction.weight                                                                              ├─81,920
│    │    └─0.reduction.bias                                                                                ├─256
│    │    └─1.block.layer_scale_1                                                                           ├─256
│    │    └─1.block.layer_scale_2                                                                           ├─256
│    │    └─1.block.norm1.weight                                                                            ├─256
│    │    └─1.block.norm1.bias                                                                              ├─256
│    │    └─1.block.attn.proj_1.weight                                                                      ├─65,536
│    │    └─1.block.attn.proj_1.bias                                                                        ├─256
│    │    └─1.block.attn.spatial_gating_unit.conv0.weight                                                     ├─6,400
│    │    └─1.block.attn.spatial_gating_unit.conv0.bias                                                     ├─256
│    │    └─1.block.attn.spatial_gating_unit.conv_spatial.weight                                                     ├─12,544
│    │    └─1.block.attn.spatial_gating_unit.conv_spatial.bias                                                     ├─256
│    │    └─1.block.attn.spatial_gating_unit.conv1.weight                                                     ├─131,072
│    │    └─1.block.attn.spatial_gating_unit.conv1.bias                                                     ├─512
│    │    └─1.block.attn.proj_2.weight                                                                      ├─65,536
│    │    └─1.block.attn.proj_2.bias                                                                        ├─256
│    │    └─1.block.norm2.weight                                                                            ├─256
│    │    └─1.block.norm2.bias                                                                              ├─256
│    │    └─1.block.mlp.fc1.weight                                                                          ├─524,288
│    │    └─1.block.mlp.fc1.bias                                                                            ├─2,048
│    │    └─1.block.mlp.dwconv.dwconv.weight                                                                ├─18,432
│    │    └─1.block.mlp.dwconv.dwconv.bias                                                                  ├─2,048
│    │    └─1.block.mlp.fc2.weight                                                                          ├─524,288
│    │    └─1.block.mlp.fc2.bias                                                                            ├─256
│    │    └─2.block.layer_scale_1                                                                           ├─256
│    │    └─2.block.layer_scale_2                                                                           ├─256
│    │    └─2.block.norm1.weight                                                                            ├─256
│    │    └─2.block.norm1.bias                                                                              ├─256
│    │    └─2.block.attn.proj_1.weight                                                                      ├─65,536
│    │    └─2.block.attn.proj_1.bias                                                                        ├─256
│    │    └─2.block.attn.spatial_gating_unit.conv0.weight                                                     ├─6,400
│    │    └─2.block.attn.spatial_gating_unit.conv0.bias                                                     ├─256
│    │    └─2.block.attn.spatial_gating_unit.conv_spatial.weight                                                     ├─12,544
│    │    └─2.block.attn.spatial_gating_unit.conv_spatial.bias                                                     ├─256
│    │    └─2.block.attn.spatial_gating_unit.conv1.weight                                                     ├─131,072
│    │    └─2.block.attn.spatial_gating_unit.conv1.bias                                                     ├─512
│    │    └─2.block.attn.proj_2.weight                                                                      ├─65,536
│    │    └─2.block.attn.proj_2.bias                                                                        ├─256
│    │    └─2.block.norm2.weight                                                                            ├─256
│    │    └─2.block.norm2.bias                                                                              ├─256
│    │    └─2.block.mlp.fc1.weight                                                                          ├─524,288
│    │    └─2.block.mlp.fc1.bias                                                                            ├─2,048
│    │    └─2.block.mlp.dwconv.dwconv.weight                                                                ├─18,432
│    │    └─2.block.mlp.dwconv.dwconv.bias                                                                  ├─2,048
│    │    └─2.block.mlp.fc2.weight                                                                          ├─524,288
│    │    └─2.block.mlp.fc2.bias                                                                            ├─256
│    │    └─3.block.layer_scale_1                                                                           ├─256
│    │    └─3.block.layer_scale_2                                                                           ├─256
│    │    └─3.block.norm1.weight                                                                            ├─256
│    │    └─3.block.norm1.bias                                                                              ├─256
│    │    └─3.block.attn.proj_1.weight                                                                      ├─65,536
│    │    └─3.block.attn.proj_1.bias                                                                        ├─256
│    │    └─3.block.attn.spatial_gating_unit.conv0.weight                                                     ├─6,400
│    │    └─3.block.attn.spatial_gating_unit.conv0.bias                                                     ├─256
│    │    └─3.block.attn.spatial_gating_unit.conv_spatial.weight                                                     ├─12,544
│    │    └─3.block.attn.spatial_gating_unit.conv_spatial.bias                                                     ├─256
│    │    └─3.block.attn.spatial_gating_unit.conv1.weight                                                     ├─131,072
│    │    └─3.block.attn.spatial_gating_unit.conv1.bias                                                     ├─512
│    │    └─3.block.attn.proj_2.weight                                                                      ├─65,536
│    │    └─3.block.attn.proj_2.bias                                                                        ├─256
│    │    └─3.block.norm2.weight                                                                            ├─256
│    │    └─3.block.norm2.bias                                                                              ├─256
│    │    └─3.block.mlp.fc1.weight                                                                          ├─524,288
│    │    └─3.block.mlp.fc1.bias                                                                            ├─2,048
│    │    └─3.block.mlp.dwconv.dwconv.weight                                                                ├─18,432
│    │    └─3.block.mlp.dwconv.dwconv.bias                                                                  ├─2,048
│    │    └─3.block.mlp.fc2.weight                                                                          ├─524,288
│    │    └─3.block.mlp.fc2.bias                                                                            ├─256
│    │    └─3.reduction.weight                                                                              ├─81,920
│    │    └─3.reduction.bias                                                                                └─320
│    │    └─MetaBlock: 3-9                              [2, 320, 32, 32]          [2, 256, 32, 32]          2,186,176
│    │    │    └─block.layer_scale_1                                                                        ├─320
│    │    │    └─block.layer_scale_2                                                                        ├─320
│    │    │    └─block.norm1.weight                                                                         ├─320
│    │    │    └─block.norm1.bias                                                                           ├─320
│    │    │    └─block.attn.proj_1.weight                                                                   ├─102,400
│    │    │    └─block.attn.proj_1.bias                                                                     ├─320
│    │    │    └─block.attn.spatial_gating_unit.conv0.weight                                                     ├─8,000
│    │    │    └─block.attn.spatial_gating_unit.conv0.bias                                                     ├─320
│    │    │    └─block.attn.spatial_gating_unit.conv_spatial.weight                                                     ├─15,680
│    │    │    └─block.attn.spatial_gating_unit.conv_spatial.bias                                                     ├─320
│    │    │    └─block.attn.spatial_gating_unit.conv1.weight                                                     ├─204,800
│    │    │    └─block.attn.spatial_gating_unit.conv1.bias                                                     ├─640
│    │    │    └─block.attn.proj_2.weight                                                                   ├─102,400
│    │    │    └─block.attn.proj_2.bias                                                                     ├─320
│    │    │    └─block.norm2.weight                                                                         ├─320
│    │    │    └─block.norm2.bias                                                                           ├─320
│    │    │    └─block.mlp.fc1.weight                                                                       ├─819,200
│    │    │    └─block.mlp.fc1.bias                                                                         ├─2,560
│    │    │    └─block.mlp.dwconv.dwconv.weight                                                             ├─23,040
│    │    │    └─block.mlp.dwconv.dwconv.bias                                                               ├─2,560
│    │    │    └─block.mlp.fc2.weight                                                                       ├─819,200
│    │    │    └─block.mlp.fc2.bias                                                                         ├─320
│    │    │    └─reduction.weight                                                                           ├─81,920
│    │    │    └─reduction.bias                                                                             └─256
│    │    └─MetaBlock: 3-10                             [2, 256, 32, 32]          [2, 256, 32, 32]          1,355,520
│    │    │    └─block.layer_scale_1                                                                        ├─256
│    │    │    └─block.layer_scale_2                                                                        ├─256
│    │    │    └─block.norm1.weight                                                                         ├─256
│    │    │    └─block.norm1.bias                                                                           ├─256
│    │    │    └─block.attn.proj_1.weight                                                                   ├─65,536
│    │    │    └─block.attn.proj_1.bias                                                                     ├─256
│    │    │    └─block.attn.spatial_gating_unit.conv0.weight                                                     ├─6,400
│    │    │    └─block.attn.spatial_gating_unit.conv0.bias                                                     ├─256
│    │    │    └─block.attn.spatial_gating_unit.conv_spatial.weight                                                     ├─12,544
│    │    │    └─block.attn.spatial_gating_unit.conv_spatial.bias                                                     ├─256
│    │    │    └─block.attn.spatial_gating_unit.conv1.weight                                                     ├─131,072
│    │    │    └─block.attn.spatial_gating_unit.conv1.bias                                                     ├─512
│    │    │    └─block.attn.proj_2.weight                                                                   ├─65,536
│    │    │    └─block.attn.proj_2.bias                                                                     ├─256
│    │    │    └─block.norm2.weight                                                                         ├─256
│    │    │    └─block.norm2.bias                                                                           ├─256
│    │    │    └─block.mlp.fc1.weight                                                                       ├─524,288
│    │    │    └─block.mlp.fc1.bias                                                                         ├─2,048
│    │    │    └─block.mlp.dwconv.dwconv.weight                                                             ├─18,432
│    │    │    └─block.mlp.dwconv.dwconv.bias                                                               ├─2,048
│    │    │    └─block.mlp.fc2.weight                                                                       ├─524,288
│    │    │    └─block.mlp.fc2.bias                                                                         └─256
│    │    └─MetaBlock: 3-11                             [2, 256, 32, 32]          [2, 256, 32, 32]          1,355,520
│    │    │    └─block.layer_scale_1                                                                        ├─256
│    │    │    └─block.layer_scale_2                                                                        ├─256
│    │    │    └─block.norm1.weight                                                                         ├─256
│    │    │    └─block.norm1.bias                                                                           ├─256
│    │    │    └─block.attn.proj_1.weight                                                                   ├─65,536
│    │    │    └─block.attn.proj_1.bias                                                                     ├─256
│    │    │    └─block.attn.spatial_gating_unit.conv0.weight                                                     ├─6,400
│    │    │    └─block.attn.spatial_gating_unit.conv0.bias                                                     ├─256
│    │    │    └─block.attn.spatial_gating_unit.conv_spatial.weight                                                     ├─12,544
│    │    │    └─block.attn.spatial_gating_unit.conv_spatial.bias                                                     ├─256
│    │    │    └─block.attn.spatial_gating_unit.conv1.weight                                                     ├─131,072
│    │    │    └─block.attn.spatial_gating_unit.conv1.bias                                                     ├─512
│    │    │    └─block.attn.proj_2.weight                                                                   ├─65,536
│    │    │    └─block.attn.proj_2.bias                                                                     ├─256
│    │    │    └─block.norm2.weight                                                                         ├─256
│    │    │    └─block.norm2.bias                                                                           ├─256
│    │    │    └─block.mlp.fc1.weight                                                                       ├─524,288
│    │    │    └─block.mlp.fc1.bias                                                                         ├─2,048
│    │    │    └─block.mlp.dwconv.dwconv.weight                                                             ├─18,432
│    │    │    └─block.mlp.dwconv.dwconv.bias                                                               ├─2,048
│    │    │    └─block.mlp.fc2.weight                                                                       ├─524,288
│    │    │    └─block.mlp.fc2.bias                                                                         └─256
│    │    └─MetaBlock: 3-12                             [2, 256, 32, 32]          [2, 320, 32, 32]          1,437,760
│    │    │    └─block.layer_scale_1                                                                        ├─256
│    │    │    └─block.layer_scale_2                                                                        ├─256
│    │    │    └─block.norm1.weight                                                                         ├─256
│    │    │    └─block.norm1.bias                                                                           ├─256
│    │    │    └─block.attn.proj_1.weight                                                                   ├─65,536
│    │    │    └─block.attn.proj_1.bias                                                                     ├─256
│    │    │    └─block.attn.spatial_gating_unit.conv0.weight                                                     ├─6,400
│    │    │    └─block.attn.spatial_gating_unit.conv0.bias                                                     ├─256
│    │    │    └─block.attn.spatial_gating_unit.conv_spatial.weight                                                     ├─12,544
│    │    │    └─block.attn.spatial_gating_unit.conv_spatial.bias                                                     ├─256
│    │    │    └─block.attn.spatial_gating_unit.conv1.weight                                                     ├─131,072
│    │    │    └─block.attn.spatial_gating_unit.conv1.bias                                                     ├─512
│    │    │    └─block.attn.proj_2.weight                                                                   ├─65,536
│    │    │    └─block.attn.proj_2.bias                                                                     ├─256
│    │    │    └─block.norm2.weight                                                                         ├─256
│    │    │    └─block.norm2.bias                                                                           ├─256
│    │    │    └─block.mlp.fc1.weight                                                                       ├─524,288
│    │    │    └─block.mlp.fc1.bias                                                                         ├─2,048
│    │    │    └─block.mlp.dwconv.dwconv.weight                                                             ├─18,432
│    │    │    └─block.mlp.dwconv.dwconv.bias                                                               ├─2,048
│    │    │    └─block.mlp.fc2.weight                                                                       ├─524,288
│    │    │    └─block.mlp.fc2.bias                                                                         ├─256
│    │    │    └─reduction.weight                                                                           ├─81,920
│    │    │    └─reduction.bias                                                                             └─320
├─Decoder_no_skip: 1-4                                  [20, 32, 32, 32]          [20, 1, 128, 128]         --
│    └─dec.0.conv.conv.0.weight                                                                             ├─36,864
│    └─dec.0.conv.conv.0.bias                                                                               ├─128
│    └─dec.0.conv.norm.weight                                                                               ├─32
│    └─dec.0.conv.norm.bias                                                                                 ├─32
│    └─dec.1.conv.conv.weight                                                                               ├─9,216
│    └─dec.1.conv.conv.bias                                                                                 ├─32
│    └─dec.1.conv.norm.weight                                                                               ├─32
│    └─dec.1.conv.norm.bias                                                                                 ├─32
│    └─dec.2.conv.conv.0.weight                                                                             ├─36,864
│    └─dec.2.conv.conv.0.bias                                                                               ├─128
│    └─dec.2.conv.norm.weight                                                                               ├─32
│    └─dec.2.conv.norm.bias                                                                                 ├─32
│    └─dec.3.conv.conv.weight                                                                               ├─9,216
│    └─dec.3.conv.conv.bias                                                                                 ├─32
│    └─dec.3.conv.norm.weight                                                                               ├─32
│    └─dec.3.conv.norm.bias                                                                                 ├─32
│    └─readout.weight                                                                                       ├─32
│    └─readout.bias                                                                                         └─1
│    └─Sequential: 2-4                                  --                        --                        --
│    │    └─0.conv.conv.0.weight                                                                            ├─36,864
│    │    └─0.conv.conv.0.bias                                                                              ├─128
│    │    └─0.conv.norm.weight                                                                              ├─32
│    │    └─0.conv.norm.bias                                                                                ├─32
│    │    └─1.conv.conv.weight                                                                              ├─9,216
│    │    └─1.conv.conv.bias                                                                                ├─32
│    │    └─1.conv.norm.weight                                                                              ├─32
│    │    └─1.conv.norm.bias                                                                                ├─32
│    │    └─2.conv.conv.0.weight                                                                            ├─36,864
│    │    └─2.conv.conv.0.bias                                                                              ├─128
│    │    └─2.conv.norm.weight                                                                              ├─32
│    │    └─2.conv.norm.bias                                                                                ├─32
│    │    └─3.conv.conv.weight                                                                              ├─9,216
│    │    └─3.conv.conv.bias                                                                                ├─32
│    │    └─3.conv.norm.weight                                                                              ├─32
│    │    └─3.conv.norm.bias                                                                                └─32
│    │    └─ConvSC: 3-13                                [20, 32, 32, 32]          [20, 32, 64, 64]          37,056
│    │    │    └─conv.conv.0.weight                                                                         ├─36,864
│    │    │    └─conv.conv.0.bias                                                                           ├─128
│    │    │    └─conv.norm.weight                                                                           ├─32
│    │    │    └─conv.norm.bias                                                                             └─32
│    │    └─ConvSC: 3-14                                [20, 32, 64, 64]          [20, 32, 64, 64]          9,312
│    │    │    └─conv.conv.weight                                                                           ├─9,216
│    │    │    └─conv.conv.bias                                                                             ├─32
│    │    │    └─conv.norm.weight                                                                           ├─32
│    │    │    └─conv.norm.bias                                                                             └─32
│    │    └─ConvSC: 3-15                                [20, 32, 64, 64]          [20, 32, 128, 128]        37,056
│    │    │    └─conv.conv.0.weight                                                                         ├─36,864
│    │    │    └─conv.conv.0.bias                                                                           ├─128
│    │    │    └─conv.norm.weight                                                                           ├─32
│    │    │    └─conv.norm.bias                                                                             └─32
│    │    └─ConvSC: 3-16                                [20, 32, 128, 128]        [20, 32, 128, 128]        9,312
│    │    │    └─conv.conv.weight                                                                           ├─9,216
│    │    │    └─conv.conv.bias                                                                             ├─32
│    │    │    └─conv.norm.weight                                                                           ├─32
│    │    │    └─conv.norm.bias                                                                             └─32
│    └─Conv2d: 2-5                                      [20, 32, 128, 128]        [20, 1, 128, 128]         33
│    │    └─weight                                                                                          ├─32
│    │    └─bias                                                                                            └─1
==================================================================================================================================
Total params: 6,442,241
Trainable params: 6,442,241
Non-trainable params: 0
Total mult-adds (Units.GIGABYTES): 21.51
==================================================================================================================================
Input size (MB): 2.62
Forward/backward pass size (MB): 1139.28
Params size (MB): 25.76
Estimated Total Size (MB): 1167.66
==================================================================================================================================